glycolog_flutter/android/app/build/intermediates/manifest_merge_blame_file/debug/manifest-merger-blame-debug-report.txt
1<?xml version="1.0" encoding="utf-8"?>
2<manifest xmlns:android="http://schemas.android.com/apk/res/android"
3    package="com.example.glycolog_flutter"
4    android:versionCode="1"
5    android:versionName="1.0" >
6
7    <uses-sdk
8        android:minSdkVersion="26"
9        android:targetSdkVersion="33" />
10    <!--
11         The INTERNET permission is required for development. Specifically,
12         the Flutter tool needs it to communicate with the running application
13         to allow setting breakpoints, to provide hot reload, etc.
14    -->
15    <uses-permission android:name="android.permission.INTERNET" />
15-->src\main\AndroidManifest.xml:5:5-67
15-->src\main\AndroidManifest.xml:5:22-64
16    <uses-permission android:name="android.permission.ACTIVITY_RECOGNITION" />
16-->src\main\AndroidManifest.xml:4:5-79
16-->src\main\AndroidManifest.xml:4:22-76
17    <uses-permission android:name="android.permission.ACCESS_FINE_LOCATION" />
17-->src\main\AndroidManifest.xml:6:5-79
17-->src\main\AndroidManifest.xml:6:22-76
18    <uses-permission android:name="android.permission.BODY_SENSORS" />
18-->src\main\AndroidManifest.xml:7:5-71
18-->src\main\AndroidManifest.xml:7:22-68
19    <!--
20 Required to query activities that can process text, see:
21         https://developer.android.com/training/package-visibility and
22         https://developer.android.com/reference/android/content/Intent#ACTION_PROCESS_TEXT.
23
24         In particular, this is used by the Flutter engine in io.flutter.plugin.text.ProcessTextPlugin.
25    -->
26    <queries>
26-->src\main\AndroidManifest.xml:46:5-51:15
27        <intent>
27-->src\main\AndroidManifest.xml:47:9-50:18
28            <action android:name="android.intent.action.PROCESS_TEXT" />
28-->src\main\AndroidManifest.xml:48:13-72
28-->src\main\AndroidManifest.xml:48:21-70
29
30            <data android:mimeType="text/plain" />
30-->src\main\AndroidManifest.xml:49:13-50
30-->src\main\AndroidManifest.xml:49:19-48
31        </intent>
32    </queries>
33
34    <uses-permission android:name="android.permission.CAMERA" />
34-->src\main\AndroidManifest.xml:53:5-64
34-->src\main\AndroidManifest.xml:53:22-62
35    <uses-permission android:name="android.permission.WRITE_EXTERNAL_STORAGE" />
35-->src\main\AndroidManifest.xml:54:5-80
35-->src\main\AndroidManifest.xml:54:22-78
36    <uses-permission android:name="android.permission.ACCESS_NETWORK_STATE" />
36-->[com.google.firebase:firebase-messaging:23.4.0] AndroidManifest.xml:22:5-79
36-->[com.google.firebase:firebase-messaging:23.4.0] AndroidManifest.xml:22:22-76
37    <uses-permission android:name="android.permission.POST_NOTIFICATIONS" />
37-->[com.google.firebase:firebase-messaging:23.4.0] AndroidManifest.xml:23:5-77
37-->[com.google.firebase:firebase-messaging:23.4.0] AndroidManifest.xml:23:22-74
38    <uses-permission android:name="android.permission.WAKE_LOCK" /> <!-- Required by older versions of Google Play services to create IID tokens -->
38-->[com.google.firebase:firebase-messaging:23.4.0] AndroidManifest.xml:24:5-68
38-->[com.google.firebase:firebase-messaging:23.4.0] AndroidManifest.xml:24:22-65
39    <uses-permission android:name="com.google.android.c2dm.permission.RECEIVE" />
39-->[com.google.firebase:firebase-messaging:23.4.0] AndroidManifest.xml:26:5-82
39-->[com.google.firebase:firebase-messaging:23.4.0] AndroidManifest.xml:26:22-79
40
41    <application
41-->src\main\AndroidManifest.xml:9:5-40:19
42        android:name="io.flutter.embedding.android.FlutterApplication"
42-->src\main\AndroidManifest.xml:11:9-71
43        android:appComponentFactory="androidx.core.app.CoreComponentFactory"
43-->[androidx.core:core:1.2.0] AndroidManifest.xml:24:18-86
44        android:debuggable="true"
45        android:extractNativeLibs="false"
46        android:icon="@mipmap/ic_launcher"
46-->src\main\AndroidManifest.xml:12:9-43
47        android:label="glycolog_flutter" >
47-->src\main\AndroidManifest.xml:10:9-41
48        <activity
48-->src\main\AndroidManifest.xml:13:9-34:20
49            android:name="com.example.glycolog_flutter.MainActivity"
49-->src\main\AndroidManifest.xml:14:13-41
50            android:configChanges="orientation|keyboardHidden|keyboard|screenSize|smallestScreenSize|locale|layoutDirection|fontScale|screenLayout|density|uiMode"
50-->src\main\AndroidManifest.xml:19:13-163
51            android:exported="true"
51-->src\main\AndroidManifest.xml:15:13-36
52            android:hardwareAccelerated="true"
52-->src\main\AndroidManifest.xml:20:13-47
53            android:launchMode="singleTop"
53-->src\main\AndroidManifest.xml:16:13-43
54            android:taskAffinity=""
54-->src\main\AndroidManifest.xml:17:13-36
55            android:theme="@style/LaunchTheme"
55-->src\main\AndroidManifest.xml:18:13-47
56            android:windowSoftInputMode="adjustResize" >
56-->src\main\AndroidManifest.xml:21:13-55
57
58            <!--
59                 Specifies an Android theme to apply to this Activity as soon as
60                 the Android process has started. This theme is visible to the user
61                 while the Flutter UI initializes. After that, this theme continues
62                 to determine the Window background behind the Flutter UI.
63            -->
64            <meta-data
64-->src\main\AndroidManifest.xml:26:13-29:17
65                android:name="io.flutter.embedding.android.NormalTheme"
65-->src\main\AndroidManifest.xml:27:15-70
66                android:resource="@style/NormalTheme" />
66-->src\main\AndroidManifest.xml:28:15-52
67
68            <intent-filter>
68-->src\main\AndroidManifest.xml:30:13-33:29
69                <action android:name="android.intent.action.MAIN" />
69-->src\main\AndroidManifest.xml:31:17-68
69-->src\main\AndroidManifest.xml:31:25-66
70
71                <category android:name="android.intent.category.LAUNCHER" />
71-->src\main\AndroidManifest.xml:32:17-76
71-->src\main\AndroidManifest.xml:32:27-74
72            </intent-filter>
73        </activity>
74        <!--
75             Don't delete the meta-data below.
76             This is used by the Flutter tool to generate GeneratedPluginRegistrant.java
77        -->
78        <meta-data
78-->src\main\AndroidManifest.xml:37:9-39:33
79            android:name="flutterEmbedding"
79-->src\main\AndroidManifest.xml:38:13-44
80            android:value="2" />
80-->src\main\AndroidManifest.xml:39:13-30
81
82        <service
82-->[com.google.firebase:firebase-messaging-ktx:23.4.0] AndroidManifest.xml:23:9-29:19
83            android:name="com.google.firebase.components.ComponentDiscoveryService"
83-->[com.google.firebase:firebase-messaging-ktx:23.4.0] AndroidManifest.xml:24:13-84
84            android:directBootAware="true"
84-->[com.google.firebase:firebase-common:20.4.2] AndroidManifest.xml:32:13-43
85            android:exported="false" >
85-->[com.google.firebase:firebase-messaging-ktx:23.4.0] AndroidManifest.xml:25:13-37
86            <meta-data
86-->[com.google.firebase:firebase-messaging-ktx:23.4.0] AndroidManifest.xml:26:13-28:85
87                android:name="com.google.firebase.components:com.google.firebase.messaging.ktx.FirebaseMessagingLegacyRegistrar"
87-->[com.google.firebase:firebase-messaging-ktx:23.4.0] AndroidManifest.xml:27:17-129
88                android:value="com.google.firebase.components.ComponentRegistrar" />
88-->[com.google.firebase:firebase-messaging-ktx:23.4.0] AndroidManifest.xml:28:17-82
89            <meta-data
89-->[com.google.firebase:firebase-messaging:23.4.0] AndroidManifest.xml:57:13-59:85
90                android:name="com.google.firebase.components:com.google.firebase.messaging.FirebaseMessagingKtxRegistrar"
90-->[com.google.firebase:firebase-messaging:23.4.0] AndroidManifest.xml:58:17-122
91                android:value="com.google.firebase.components.ComponentRegistrar" />
91-->[com.google.firebase:firebase-messaging:23.4.0] AndroidManifest.xml:59:17-82
92            <meta-data
92-->[com.google.firebase:firebase-messaging:23.4.0] AndroidManifest.xml:60:13-62:85
93                android:name="com.google.firebase.components:com.google.firebase.messaging.FirebaseMessagingRegistrar"
93-->[com.google.firebase:firebase-messaging:23.4.0] AndroidManifest.xml:61:17-119
94                android:value="com.google.firebase.components.ComponentRegistrar" />
94-->[com.google.firebase:firebase-messaging:23.4.0] AndroidManifest.xml:62:17-82
95            <meta-data
95-->[com.google.firebase:firebase-installations:17.2.0] AndroidManifest.xml:15:13-17:85
96                android:name="com.google.firebase.components:com.google.firebase.installations.FirebaseInstallationsKtxRegistrar"
96-->[com.google.firebase:firebase-installations:17.2.0] AndroidManifest.xml:16:17-130
97                android:value="com.google.firebase.components.ComponentRegistrar" />
97-->[com.google.firebase:firebase-installations:17.2.0] AndroidManifest.xml:17:17-82
98            <meta-data
98-->[com.google.firebase:firebase-installations:17.2.0] AndroidManifest.xml:18:13-20:85
99                android:name="com.google.firebase.components:com.google.firebase.installations.FirebaseInstallationsRegistrar"
99-->[com.google.firebase:firebase-installations:17.2.0] AndroidManifest.xml:19:17-127
100                android:value="com.google.firebase.components.ComponentRegistrar" />
100-->[com.google.firebase:firebase-installations:17.2.0] AndroidManifest.xml:20:17-82
101            <meta-data
101-->[com.google.firebase:firebase-common-ktx:20.4.2] AndroidManifest.xml:12:13-14:85
102                android:name="com.google.firebase.components:com.google.firebase.ktx.FirebaseCommonLegacyRegistrar"
102-->[com.google.firebase:firebase-common-ktx:20.4.2] AndroidManifest.xml:13:17-116
103                android:value="com.google.firebase.components.ComponentRegistrar" />
103-->[com.google.firebase:firebase-common-ktx:20.4.2] AndroidManifest.xml:14:17-82
104            <meta-data
104-->[com.google.firebase:firebase-common:20.4.2] AndroidManifest.xml:35:13-37:85
105                android:name="com.google.firebase.components:com.google.firebase.FirebaseCommonKtxRegistrar"
105-->[com.google.firebase:firebase-common:20.4.2] AndroidManifest.xml:36:17-109
106                android:value="com.google.firebase.components.ComponentRegistrar" />
106-->[com.google.firebase:firebase-common:20.4.2] AndroidManifest.xml:37:17-82
107            <meta-data
107-->[com.google.firebase:firebase-datatransport:18.1.7] AndroidManifest.xml:27:13-29:85
108                android:name="com.google.firebase.components:com.google.firebase.datatransport.TransportRegistrar"
108-->[com.google.firebase:firebase-datatransport:18.1.7] AndroidManifest.xml:28:17-115
109                android:value="com.google.firebase.components.ComponentRegistrar" />
109-->[com.google.firebase:firebase-datatransport:18.1.7] AndroidManifest.xml:29:17-82
110        </service>
111
112        <receiver
112-->[com.google.firebase:firebase-messaging:23.4.0] AndroidManifest.xml:29:9-40:20
113            android:name="com.google.firebase.iid.FirebaseInstanceIdReceiver"
113-->[com.google.firebase:firebase-messaging:23.4.0] AndroidManifest.xml:30:13-78
114            android:exported="true"
114-->[com.google.firebase:firebase-messaging:23.4.0] AndroidManifest.xml:31:13-36
115            android:permission="com.google.android.c2dm.permission.SEND" >
115-->[com.google.firebase:firebase-messaging:23.4.0] AndroidManifest.xml:32:13-73
116            <intent-filter>
116-->[com.google.firebase:firebase-messaging:23.4.0] AndroidManifest.xml:33:13-35:29
117                <action android:name="com.google.android.c2dm.intent.RECEIVE" />
117-->[com.google.firebase:firebase-messaging:23.4.0] AndroidManifest.xml:34:17-81
117-->[com.google.firebase:firebase-messaging:23.4.0] AndroidManifest.xml:34:25-78
118            </intent-filter>
119
120            <meta-data
120-->[com.google.firebase:firebase-messaging:23.4.0] AndroidManifest.xml:37:13-39:40
121                android:name="com.google.android.gms.cloudmessaging.FINISHED_AFTER_HANDLED"
121-->[com.google.firebase:firebase-messaging:23.4.0] AndroidManifest.xml:38:17-92
122                android:value="true" />
122-->[com.google.firebase:firebase-messaging:23.4.0] AndroidManifest.xml:39:17-37
123        </receiver>
124        <!--
125             FirebaseMessagingService performs security checks at runtime,
126             but set to not exported to explicitly avoid allowing another app to call it.
127        -->
128        <service
128-->[com.google.firebase:firebase-messaging:23.4.0] AndroidManifest.xml:46:9-53:19
129            android:name="com.google.firebase.messaging.FirebaseMessagingService"
129-->[com.google.firebase:firebase-messaging:23.4.0] AndroidManifest.xml:47:13-82
130            android:directBootAware="true"
130-->[com.google.firebase:firebase-messaging:23.4.0] AndroidManifest.xml:48:13-43
131            android:exported="false" >
131-->[com.google.firebase:firebase-messaging:23.4.0] AndroidManifest.xml:49:13-37
132            <intent-filter android:priority="-500" >
132-->[com.google.firebase:firebase-messaging:23.4.0] AndroidManifest.xml:50:13-52:29
132-->[com.google.firebase:firebase-messaging:23.4.0] AndroidManifest.xml:50:28-51
133                <action android:name="com.google.firebase.MESSAGING_EVENT" />
133-->[com.google.firebase:firebase-messaging:23.4.0] AndroidManifest.xml:51:17-78
133-->[com.google.firebase:firebase-messaging:23.4.0] AndroidManifest.xml:51:25-75
134            </intent-filter>
135        </service>
136
137        <provider
137-->[com.google.firebase:firebase-common:20.4.2] AndroidManifest.xml:23:9-28:39
138            android:name="com.google.firebase.provider.FirebaseInitProvider"
138-->[com.google.firebase:firebase-common:20.4.2] AndroidManifest.xml:24:13-77
139            android:authorities="com.example.glycolog_flutter.firebaseinitprovider"
139-->[com.google.firebase:firebase-common:20.4.2] AndroidManifest.xml:25:13-72
140            android:directBootAware="true"
140-->[com.google.firebase:firebase-common:20.4.2] AndroidManifest.xml:26:13-43
141            android:exported="false"
141-->[com.google.firebase:firebase-common:20.4.2] AndroidManifest.xml:27:13-37
142            android:initOrder="100" />
142-->[com.google.firebase:firebase-common:20.4.2] AndroidManifest.xml:28:13-36
143
144        <meta-data
144-->[com.google.android.gms:play-services-fitness:21.1.0] AndroidManifest.xml:23:9-25:38
145            android:name="com.google.gms.fitness.sdk.version"
145-->[com.google.android.gms:play-services-fitness:21.1.0] AndroidManifest.xml:24:13-62
146            android:value="21.1.0" />
146-->[com.google.android.gms:play-services-fitness:21.1.0] AndroidManifest.xml:25:13-35
147
148        <service
148-->[com.google.android.datatransport:transport-backend-cct:3.1.8] AndroidManifest.xml:28:9-34:19
149            android:name="com.google.android.datatransport.runtime.backends.TransportBackendDiscovery"
149-->[com.google.android.datatransport:transport-backend-cct:3.1.8] AndroidManifest.xml:29:13-103
150            android:exported="false" >
150-->[com.google.android.datatransport:transport-backend-cct:3.1.8] AndroidManifest.xml:30:13-37
151            <meta-data
151-->[com.google.android.datatransport:transport-backend-cct:3.1.8] AndroidManifest.xml:31:13-33:39
152                android:name="backend:com.google.android.datatransport.cct.CctBackendFactory"
152-->[com.google.android.datatransport:transport-backend-cct:3.1.8] AndroidManifest.xml:32:17-94
153                android:value="cct" />
153-->[com.google.android.datatransport:transport-backend-cct:3.1.8] AndroidManifest.xml:33:17-36
154        </service>
155        <service
155-->[com.google.android.datatransport:transport-runtime:3.1.8] AndroidManifest.xml:26:9-30:19
156            android:name="com.google.android.datatransport.runtime.scheduling.jobscheduling.JobInfoSchedulerService"
156-->[com.google.android.datatransport:transport-runtime:3.1.8] AndroidManifest.xml:27:13-117
157            android:exported="false"
157-->[com.google.android.datatransport:transport-runtime:3.1.8] AndroidManifest.xml:28:13-37
158            android:permission="android.permission.BIND_JOB_SERVICE" >
158-->[com.google.android.datatransport:transport-runtime:3.1.8] AndroidManifest.xml:29:13-69
159        </service>
160
161        <receiver
161-->[com.google.android.datatransport:transport-runtime:3.1.8] AndroidManifest.xml:32:9-34:40
162            android:name="com.google.android.datatransport.runtime.scheduling.jobscheduling.AlarmManagerSchedulerBroadcastReceiver"
162-->[com.google.android.datatransport:transport-runtime:3.1.8] AndroidManifest.xml:33:13-132
163            android:exported="false" />
163-->[com.google.android.datatransport:transport-runtime:3.1.8] AndroidManifest.xml:34:13-37
164
165        <activity
165-->[com.google.android.gms:play-services-base:18.0.1] AndroidManifest.xml:20:9-22:45
166            android:name="com.google.android.gms.common.api.GoogleApiActivity"
166-->[com.google.android.gms:play-services-base:18.0.1] AndroidManifest.xml:20:19-85
167            android:exported="false"
167-->[com.google.android.gms:play-services-base:18.0.1] AndroidManifest.xml:22:19-43
168            android:theme="@android:style/Theme.Translucent.NoTitleBar" />
168-->[com.google.android.gms:play-services-base:18.0.1] AndroidManifest.xml:21:19-78
169
170        <meta-data
170-->[com.google.android.gms:play-services-basement:18.1.0] AndroidManifest.xml:21:9-23:69
171            android:name="com.google.android.gms.version"
171-->[com.google.android.gms:play-services-basement:18.1.0] AndroidManifest.xml:22:13-58
172            android:value="@integer/google_play_services_version" />
172-->[com.google.android.gms:play-services-basement:18.1.0] AndroidManifest.xml:23:13-66
173    </application>
174
175</manifest>